<?xml version="1.0" encoding="UTF-8"?>
<testsuite name="com.example.springjenkins.SpringJenkinsApplicationTests" tests="1" skipped="0" failures="0" errors="0" timestamp="2024-11-23T17:51:18" hostname="makaras-Laptop.local" time="0.317">
  <properties/>
  <testcase name="contextLoads()" classname="com.example.springjenkins.SpringJenkinsApplicationTests" time="0.317"/>
  <system-out><![CDATA[00:51:17.724 [Test worker] INFO org.springframework.test.context.support.AnnotationConfigContextLoaderUtils -- Could not detect default configuration classes for test class [com.example.springjenkins.SpringJenkinsApplicationTests]: SpringJenkinsApplicationTests does not declare any static, non-private, non-final, nested classes annotated with @Configuration.
00:51:17.759 [Test worker] INFO org.springframework.boot.test.context.SpringBootTestContextBootstrapper -- Found @SpringBootConfiguration com.example.springjenkins.SpringJenkinsApplication for test class com.example.springjenkins.SpringJenkinsApplicationTests

  .   ____          _            __ _ _
 /\\ / ___'_ __ _ _(_)_ __  __ _ \ \ \ \
( ( )\___ | '_ | '_| | '_ \/ _` | \ \ \ \
 \\/  ___)| |_)| | | | | || (_| |  ) ) ) )
  '  |____| .__|_| |_|_| |_\__, | / / / /
 =========|_|==============|___/=/_/_/_/

 :: Spring Boot ::                (v3.4.0)

2024-11-24T00:51:17.874+07:00  WARN 63923 --- [spring-jenkins] [    Test worker] ory$DuplicateJsonObjectContextCustomizer : 

Found multiple occurrences of org.json.JSONObject on the class path:

	jar:file:/Users/makara/.gradle/caches/modules-2/files-2.1/org.json/json/20230227/7a0d4aca76513d8ce81f9b044ce8126b84809ad8/json-20230227.jar!/org/json/JSONObject.class
	jar:file:/Users/makara/.gradle/caches/modules-2/files-2.1/com.vaadin.external.google/android-json/0.0.20131108.vaadin1/fa26d351fe62a6a17f5cda1287c1c6110dec413f/android-json-0.0.20131108.vaadin1.jar!/org/json/JSONObject.class

You may wish to exclude one of them to ensure predictable runtime behavior

2024-11-24T00:51:17.879+07:00  INFO 63923 --- [spring-jenkins] [    Test worker] c.e.s.SpringJenkinsApplicationTests      : Starting SpringJenkinsApplicationTests using Java 17.0.11 with PID 63923 (started by makara in /Users/makara/Development/Jenkins/concepts-consum-rest-api/gs-consuming-rest/spring-jenkins)
2024-11-24T00:51:17.879+07:00  INFO 63923 --- [spring-jenkins] [    Test worker] c.e.s.SpringJenkinsApplicationTests      : No active profile set, falling back to 1 default profile: "default"
2024-11-24T00:51:18.228+07:00  INFO 63923 --- [spring-jenkins] [    Test worker] c.e.s.SpringJenkinsApplicationTests      : Started SpringJenkinsApplicationTests in 0.425 seconds (process running for 0.88)
]]></system-out>
  <system-err><![CDATA[]]></system-err>
</testsuite>
